[2024-09-12T02:56:51.741+0000] {manager.py:486} INFO - Processing files using up to 2 processes at a time 
[2024-09-12T02:56:51.741+0000] {manager.py:487} INFO - Process each file at most once every 30 seconds
[2024-09-12T02:56:51.742+0000] {manager.py:488} INFO - Checking for new files in /opt/airflow/dags every 300 seconds
[2024-09-12T02:56:51.742+0000] {manager.py:832} INFO - Searching for files in /opt/airflow/dags
[2024-09-12T02:56:51.750+0000] {manager.py:835} INFO - There are 1 files in /opt/airflow/dags
[2024-09-12T02:56:51.836+0000] {manager.py:1008} INFO - 
================================================================================
DAG File Processing Stats

File Path                         PID  Runtime      # DAGs    # Errors  Last Runtime    Last Run      Last # of DB Queries
------------------------------  -----  ---------  --------  ----------  --------------  ----------  ----------------------
/opt/airflow/dags/f1_to_gcs.py     59  0.03s             0           0                                                   0
================================================================================
[2024-09-12T02:57:22.001+0000] {manager.py:1008} INFO - 
================================================================================
DAG File Processing Stats

File Path                       PID    Runtime      # DAGs    # Errors  Last Runtime    Last Run               Last # of DB Queries
------------------------------  -----  ---------  --------  ----------  --------------  -------------------  ----------------------
/opt/airflow/dags/f1_to_gcs.py                           1           0  0.82s           2024-09-12T02:56:52                      12
================================================================================
[2024-09-12T02:57:52.179+0000] {manager.py:1008} INFO - 
================================================================================
DAG File Processing Stats

File Path                       PID    Runtime      # DAGs    # Errors  Last Runtime    Last Run               Last # of DB Queries
------------------------------  -----  ---------  --------  ----------  --------------  -------------------  ----------------------
/opt/airflow/dags/f1_to_gcs.py                           1           0  0.52s           2024-09-12T02:57:23                      12
================================================================================
[2024-09-12T02:58:22.704+0000] {manager.py:1008} INFO - 
================================================================================
DAG File Processing Stats

File Path                       PID    Runtime      # DAGs    # Errors  Last Runtime    Last Run               Last # of DB Queries
------------------------------  -----  ---------  --------  ----------  --------------  -------------------  ----------------------
/opt/airflow/dags/f1_to_gcs.py                           1           0  1.41s           2024-09-12T02:57:54                      12
================================================================================
[2024-09-12T02:58:52.867+0000] {manager.py:1008} INFO - 
================================================================================
DAG File Processing Stats

File Path                       PID    Runtime      # DAGs    # Errors  Last Runtime    Last Run               Last # of DB Queries
------------------------------  -----  ---------  --------  ----------  --------------  -------------------  ----------------------
/opt/airflow/dags/f1_to_gcs.py                           1           0  0.58s           2024-09-12T02:58:25                      12
================================================================================
[2024-09-12T02:59:15.770+0000] {manager.py:468} INFO - Exiting gracefully upon receiving signal 15
