[2024-09-12T02:56:51.832+0000] {processor.py:186} INFO - Started process (PID=59) to work on /opt/airflow/dags/f1_to_gcs.py
[2024-09-12T02:56:51.834+0000] {processor.py:914} INFO - Processing file /opt/airflow/dags/f1_to_gcs.py for tasks to queue
[2024-09-12T02:56:51.836+0000] {logging_mixin.py:190} INFO - [2024-09-12T02:56:51.836+0000] {dagbag.py:587} INFO - Filling up the DagBag from /opt/airflow/dags/f1_to_gcs.py
[2024-09-12T02:56:52.507+0000] {processor.py:925} INFO - DAG(s) 'f1_data_pipeline' retrieved from /opt/airflow/dags/f1_to_gcs.py
[2024-09-12T02:56:52.558+0000] {logging_mixin.py:190} INFO - [2024-09-12T02:56:52.557+0000] {dag.py:3229} INFO - Sync 1 DAGs
[2024-09-12T02:56:52.588+0000] {logging_mixin.py:190} INFO - [2024-09-12T02:56:52.588+0000] {dag.py:4156} INFO - Setting next_dagrun for f1_data_pipeline to 2024-09-11 00:00:00+00:00, run_after=2024-09-12 00:00:00+00:00
[2024-09-12T02:56:52.612+0000] {processor.py:208} INFO - Processing /opt/airflow/dags/f1_to_gcs.py took 0.787 seconds
[2024-09-12T02:57:22.842+0000] {processor.py:186} INFO - Started process (PID=66) to work on /opt/airflow/dags/f1_to_gcs.py
[2024-09-12T02:57:22.843+0000] {processor.py:914} INFO - Processing file /opt/airflow/dags/f1_to_gcs.py for tasks to queue
[2024-09-12T02:57:22.845+0000] {logging_mixin.py:190} INFO - [2024-09-12T02:57:22.845+0000] {dagbag.py:587} INFO - Filling up the DagBag from /opt/airflow/dags/f1_to_gcs.py
[2024-09-12T02:57:23.210+0000] {processor.py:925} INFO - DAG(s) 'f1_data_pipeline' retrieved from /opt/airflow/dags/f1_to_gcs.py
[2024-09-12T02:57:23.233+0000] {logging_mixin.py:190} INFO - [2024-09-12T02:57:23.232+0000] {dag.py:3229} INFO - Sync 1 DAGs
[2024-09-12T02:57:23.265+0000] {logging_mixin.py:190} INFO - [2024-09-12T02:57:23.264+0000] {dag.py:4156} INFO - Setting next_dagrun for f1_data_pipeline to 2024-09-11 00:00:00+00:00, run_after=2024-09-12 00:00:00+00:00
[2024-09-12T02:57:23.309+0000] {processor.py:208} INFO - Processing /opt/airflow/dags/f1_to_gcs.py took 0.473 seconds
[2024-09-12T02:57:53.547+0000] {processor.py:186} INFO - Started process (PID=77) to work on /opt/airflow/dags/f1_to_gcs.py
[2024-09-12T02:57:53.548+0000] {processor.py:914} INFO - Processing file /opt/airflow/dags/f1_to_gcs.py for tasks to queue
[2024-09-12T02:57:53.554+0000] {logging_mixin.py:190} INFO - [2024-09-12T02:57:53.553+0000] {dagbag.py:587} INFO - Filling up the DagBag from /opt/airflow/dags/f1_to_gcs.py
[2024-09-12T02:57:54.829+0000] {processor.py:925} INFO - DAG(s) 'f1_data_pipeline' retrieved from /opt/airflow/dags/f1_to_gcs.py
[2024-09-12T02:57:54.876+0000] {logging_mixin.py:190} INFO - [2024-09-12T02:57:54.875+0000] {dag.py:3229} INFO - Sync 1 DAGs
[2024-09-12T02:57:54.903+0000] {logging_mixin.py:190} INFO - [2024-09-12T02:57:54.902+0000] {dag.py:4156} INFO - Setting next_dagrun for f1_data_pipeline to 2024-09-12 00:00:00+00:00, run_after=2024-09-13 00:00:00+00:00
[2024-09-12T02:57:54.924+0000] {processor.py:208} INFO - Processing /opt/airflow/dags/f1_to_gcs.py took 1.382 seconds
[2024-09-12T02:58:25.145+0000] {processor.py:186} INFO - Started process (PID=84) to work on /opt/airflow/dags/f1_to_gcs.py
[2024-09-12T02:58:25.147+0000] {processor.py:914} INFO - Processing file /opt/airflow/dags/f1_to_gcs.py for tasks to queue
[2024-09-12T02:58:25.150+0000] {logging_mixin.py:190} INFO - [2024-09-12T02:58:25.150+0000] {dagbag.py:587} INFO - Filling up the DagBag from /opt/airflow/dags/f1_to_gcs.py
[2024-09-12T02:58:25.620+0000] {processor.py:925} INFO - DAG(s) 'f1_data_pipeline' retrieved from /opt/airflow/dags/f1_to_gcs.py
[2024-09-12T02:58:25.649+0000] {logging_mixin.py:190} INFO - [2024-09-12T02:58:25.648+0000] {dag.py:3229} INFO - Sync 1 DAGs
[2024-09-12T02:58:25.672+0000] {logging_mixin.py:190} INFO - [2024-09-12T02:58:25.672+0000] {dag.py:4156} INFO - Setting next_dagrun for f1_data_pipeline to 2024-09-12 00:00:00+00:00, run_after=2024-09-13 00:00:00+00:00
[2024-09-12T02:58:25.690+0000] {processor.py:208} INFO - Processing /opt/airflow/dags/f1_to_gcs.py took 0.550 seconds
[2024-09-12T02:58:55.915+0000] {processor.py:186} INFO - Started process (PID=91) to work on /opt/airflow/dags/f1_to_gcs.py
[2024-09-12T02:58:55.922+0000] {processor.py:914} INFO - Processing file /opt/airflow/dags/f1_to_gcs.py for tasks to queue
[2024-09-12T02:58:55.924+0000] {logging_mixin.py:190} INFO - [2024-09-12T02:58:55.924+0000] {dagbag.py:587} INFO - Filling up the DagBag from /opt/airflow/dags/f1_to_gcs.py
[2024-09-12T02:58:56.201+0000] {processor.py:925} INFO - DAG(s) 'f1_data_pipeline' retrieved from /opt/airflow/dags/f1_to_gcs.py
[2024-09-12T02:58:56.222+0000] {logging_mixin.py:190} INFO - [2024-09-12T02:58:56.221+0000] {dag.py:3229} INFO - Sync 1 DAGs
[2024-09-12T02:58:56.241+0000] {logging_mixin.py:190} INFO - [2024-09-12T02:58:56.240+0000] {dag.py:4156} INFO - Setting next_dagrun for f1_data_pipeline to 2024-09-12 00:00:00+00:00, run_after=2024-09-13 00:00:00+00:00
[2024-09-12T02:58:56.264+0000] {processor.py:208} INFO - Processing /opt/airflow/dags/f1_to_gcs.py took 0.355 seconds
